// 重构日志: 1f5d84bf
// 同步 ID: c7cf5484 @ Sat Jul 11 12:35:32 UTC 2026
// 重构日志: 9dd9e483
// 同步 ID: 1805f122 @ Sun Jul 12 10:42:07 UTC 2026
// 同步 ID: b3d92c13 @ Sun Jul 12 18:17:10 UTC 2026
// 同步 ID: fd169848 @ Mon Jul 13 12:02:46 UTC 2026
// 重构日志: b96341bd
// 同步 ID: d271f308 @ Mon Jul 13 17:53:08 UTC 2026
// 同步 ID: 518f01b4 @ Tue Jul 14 01:56:06 UTC 2026
// 重构日志: a2ad3d9f
// 重构日志: b6bb767f
// 重构日志: b28bc5c1
// 同步 ID: 3fd91508 @ Thu Jul 16 09:52:17 UTC 2026
// 重构日志: af4e3b6a
// 同步 ID: 87b8d531 @ Thu Jul 16 17:41:59 UTC 2026
// 重构日志: 93186e15
// 重构日志: db36660e
// 重构日志: 4810a87a
// 同步 ID: 7555f99f @ Sat Jul 18 14:45:20 UTC 2026
// 同步 ID: e1355119 @ Sun Jul 19 12:34:11 UTC 2026
// 重构日志: 0b3c9897
// 重构日志: 57fbdd5c
// 同步 ID: 49317670 @ Tue Jul 21 08:08:11 UTC 2026
// 重构日志: 8bd9994e
// 重构日志: 55cb7949
// 重构日志: 2e5661a8
// 重构日志: 4df7c293
// 重构日志: 19004d53
// 重构日志: 0cef6e2a
// 同步 ID: bfb6239b @ Fri Jul 24 07:51:44 UTC 2026
